<?xml version="1.0" encoding="UTF-8"?>
<!-- Generated by org.testng.reporters.JUnitReportReporter -->
<testsuite hostname="DESKTOP-RS652UV" failures="0" tests="2" name="learningTestNGAttributes.LearningEnabled" time="0.049" errors="0" timestamp="2025-03-21T16:49:04 IST" skipped="1">
  <testcase classname="learningTestNGAttributes.LearningEnabled" name="m2" time="0.049"/>
  <testcase classname="learningTestNGAttributes.LearningEnabled" name="m1">
    <skipped/>
  </testcase> <!-- m1 -->
</testsuite> <!-- learningTestNGAttributes.LearningEnabled -->
