<?xml version="1.0" encoding="UTF-8"?>
<!-- Generated by org.testng.reporters.JUnitReportReporter -->
<testsuite hostname="DESKTOP-RS652UV" failures="0" tests="1" name="learnParllalExecution.Rajesh" time="0.008" errors="0" timestamp="2025-03-24T12:25:33 IST" skipped="0">
  <testcase classname="learnParllalExecution.Rajesh" name="drinksOnlyRaw" time="0.008">
    <system-out>
      <![CDATA[mix water with juice]]>
    </system-out>
  </testcase> <!-- drinksOnlyRaw -->
  <system-out>
    <![CDATA[Browser setup success.....!!!
Eating Mandi biryani
Browser termination success
Browser setup success.....!!!
Eating Mandi biryani
Browser termination success
Browser setup success.....!!!
mix water with juice
Browser termination success
Browser setup success.....!!!
She will dance for gunashekhar
Browser termination success
Browser setup success.....!!!
Motivates to Every one arround
Browser termination success]]>
  </system-out>
</testsuite> <!-- learnParllalExecution.Rajesh -->
