<?xml version="1.0" encoding="UTF-8"?>
<!-- Generated by org.testng.reporters.JUnitReportReporter -->
<testsuite hostname="DESKTOP-RS652UV" failures="0" tests="1" name="learningPOM.OrderProduct" time="7.950" errors="0" timestamp="2025-03-31T02:01:32 IST" skipped="0">
  <testcase classname="learningPOM.OrderProduct" name="addProductoCart" time="7.950"/>
</testsuite> <!-- learningPOM.OrderProduct -->
