<?xml version="1.0" encoding="UTF-8"?>
<!-- Generated by org.testng.reporters.JUnitReportReporter -->
<testsuite hostname="DESKTOP-RS652UV" failures="0" tests="2" name="learnBatchExecution.FirstYear" time="0.038" errors="0" timestamp="2025-03-21T14:49:01 IST" skipped="0">
  <testcase classname="learnBatchExecution.FirstYear" name="m1" time="0.032"/>
  <testcase classname="learnBatchExecution.FirstYear" name="m2" time="0.006"/>
</testsuite> <!-- learnBatchExecution.FirstYear -->
