<?xml version="1.0" encoding="UTF-8"?>
<!-- Generated by org.testng.reporters.JUnitReportReporter -->
<testsuite hostname="DESKTOP-RS652UV" failures="0" tests="1" name="learningAssert.LearningSoftAssert" time="11.210" errors="0" timestamp="2025-03-15T17:22:52 IST" skipped="0">
  <testcase classname="learningAssert.LearningSoftAssert" name="verifyTitle" time="11.210"/>
</testsuite> <!-- learningAssert.LearningSoftAssert -->
