<?xml version="1.0" encoding="UTF-8"?>
<!-- Generated by org.testng.reporters.JUnitReportReporter -->
<testsuite hostname="DESKTOP-RS652UV" failures="0" tests="2" name="learningTestNGAttributes.LearningDependsOn" time="0.033" errors="0" timestamp="2025-03-21T16:41:42 IST" skipped="0">
  <testcase classname="learningTestNGAttributes.LearningDependsOn" name="child" time="0.004"/>
  <testcase classname="learningTestNGAttributes.LearningDependsOn" name="dad" time="0.029"/>
</testsuite> <!-- learningTestNGAttributes.LearningDependsOn -->
