<?xml version="1.0" encoding="UTF-8"?>
<!-- Generated by org.testng.reporters.JUnitReportReporter -->
<testsuite hostname="DESKTOP-RS652UV" failures="0" tests="2" name="learnGroupExecution.Task1" time="0.035" errors="0" timestamp="2025-03-24T17:14:00 IST" skipped="0">
  <testcase classname="learnGroupExecution.Task1" name="m4" time="0.008">
    <system-out>
      <![CDATA[m4 is executed]]>
    </system-out>
  </testcase> <!-- m4 -->
  <testcase classname="learnGroupExecution.Task1" name="m2" time="0.027">
    <system-out>
      <![CDATA[m2 is executed]]>
    </system-out>
  </testcase> <!-- m2 -->
  <system-out>
    <![CDATA[m2 is executed
m4 is executed]]>
  </system-out>
</testsuite> <!-- learnGroupExecution.Task1 -->
