<?xml version="1.0" encoding="UTF-8"?>
<!-- Generated by org.testng.reporters.JUnitReportReporter -->
<testsuite hostname="DESKTOP-RS652UV" failures="0" tests="1" name="learningPOM.DemoTest" time="8.592" errors="0" timestamp="2025-03-20T19:31:14 IST" skipped="0">
  <testcase classname="learningPOM.DemoTest" name="task1" time="8.592"/>
</testsuite> <!-- learningPOM.DemoTest -->
