<?xml version="1.0" encoding="UTF-8"?>
<!-- Generated by org.testng.reporters.JUnitReportReporter -->
<testsuite hostname="DESKTOP-RS652UV" failures="0" tests="2" name="learnBatchExecution.FourthYear" time="0.007" errors="0" timestamp="2025-03-21T14:49:01 IST" skipped="0">
  <testcase classname="learnBatchExecution.FourthYear" name="m7" time="0.004"/>
  <testcase classname="learnBatchExecution.FourthYear" name="m8" time="0.003"/>
</testsuite> <!-- learnBatchExecution.FourthYear -->
