<?xml version="1.0" encoding="UTF-8"?>
<!-- Generated by org.testng.reporters.JUnitReportReporter -->
<testsuite hostname="DESKTOP-RS652UV" failures="0" tests="5" name="learningAttributes.FirstYear" time="0.039" errors="0" timestamp="2025-03-21T15:52:27 IST" skipped="0">
  <testcase classname="learningAttributes.FirstYear" name="eat" time="0.021"/>
  <testcase classname="learningAttributes.FirstYear" name="eat" time="0.004"/>
  <testcase classname="learningAttributes.FirstYear" name="eat" time="0.004"/>
  <testcase classname="learningAttributes.FirstYear" name="eat" time="0.005"/>
  <testcase classname="learningAttributes.FirstYear" name="eat" time="0.005"/>
</testsuite> <!-- learningAttributes.FirstYear -->
