<?xml version="1.0" encoding="UTF-8"?>
<!-- Generated by org.testng.reporters.JUnitReportReporter -->
<testsuite hostname="DESKTOP-RS652UV" failures="0" tests="2" name="learnBatchExecution.SecondYear" time="0.009" errors="0" timestamp="2025-03-21T14:49:01 IST" skipped="0">
  <testcase classname="learnBatchExecution.SecondYear" name="m4" time="0.003"/>
  <testcase classname="learnBatchExecution.SecondYear" name="m3" time="0.006"/>
</testsuite> <!-- learnBatchExecution.SecondYear -->
