<?xml version="1.0" encoding="UTF-8"?>
<!-- Generated by org.testng.reporters.JUnitReportReporter -->
<testsuite hostname="DESKTOP-RS652UV" failures="0" tests="2" name="learningDataDrivenTesting.HandlingExcelFile" time="2.898" errors="0" timestamp="2025-03-18T15:29:39 IST" skipped="1">
  <testcase classname="learningDataDrivenTesting.HandlingExcelFile" name="writeData" time="2.898"/>
  <testcase classname="learningDataDrivenTesting.HandlingExcelFile" name="readData">
    <skipped/>
  </testcase> <!-- readData -->
</testsuite> <!-- learningDataDrivenTesting.HandlingExcelFile -->
