<?xml version="1.0" encoding="UTF-8"?>
<!-- Generated by org.testng.reporters.JUnitReportReporter -->
<testsuite hostname="DESKTOP-RS652UV" failures="0" tests="2" name="learningTestNG.Demo" time="0.063" errors="0" timestamp="2025-03-07T17:28:35 IST" skipped="0">
  <testcase classname="learningTestNG.Demo" name="m2" time="0.033"/>
  <testcase classname="learningTestNG.Demo" name="m1" time="0.030"/>
</testsuite> <!-- learningTestNG.Demo -->
