<?xml version="1.0" encoding="UTF-8"?>
<!-- Generated by org.testng.reporters.JUnitReportReporter -->
<testsuite hostname="DESKTOP-RS652UV" failures="0" tests="2" name="learningDataDrivenTesting.HandlingPropertiesFile" time="0.026" errors="0" timestamp="2025-03-19T15:31:41 IST" skipped="1">
  <testcase classname="learningDataDrivenTesting.HandlingPropertiesFile" name="readData" time="0.026"/>
  <testcase classname="learningDataDrivenTesting.HandlingPropertiesFile" name="writeData">
    <skipped/>
  </testcase> <!-- writeData -->
</testsuite> <!-- learningDataDrivenTesting.HandlingPropertiesFile -->
