<?xml version="1.0" encoding="UTF-8"?>
<!-- Generated by org.testng.reporters.JUnitReportReporter -->
<testsuite hostname="DESKTOP-RS652UV" failures="0" tests="2" name="learningTestNG.Task_1" time="6.491" errors="0" timestamp="2025-03-12T21:41:34 IST" skipped="0">
  <testcase classname="learningTestNG.Task_1" name="addFirstProduct" time="2.491"/>
  <testcase classname="learningTestNG.Task_1" name="removeFirstProduct" time="4.000"/>
</testsuite> <!-- learningTestNG.Task_1 -->
